{"level":"info","message":"Snooper version 1.20.0","service":"snooper","timestamp":"Mon, 24 Jul 2023 08:38:47 GMT"}
{"level":"info","message":"Snooper discovery completed","service":"snooper","timestamp":"Mon, 24 Jul 2023 08:38:47 GMT"}
{"level":"info","message":"Snooper version 1.20.0","service":"snooper","timestamp":"Mon, 24 Jul 2023 08:38:47 GMT"}
{"level":"info","message":"Discovering feature files","service":"snooper","timestamp":"Mon, 24 Jul 2023 08:38:47 GMT"}
{"level":"info","message":"framework java","service":"snooper","timestamp":"Mon, 24 Jul 2023 08:38:47 GMT"}
{"level":"info","message":"extracting fetures","service":"snooper","timestamp":"Mon, 24 Jul 2023 08:38:47 GMT"}
{"level":"info","message":"Extracting features from file src/test/java/features/SAAS_Functional_TCs_Web Automation_SRS_TestCases_202306210730591.feature","service":"snooper","timestamp":"Mon, 24 Jul 2023 08:38:47 GMT"}
{"level":"info","message":"Snooper discovery completed","service":"snooper","timestamp":"Mon, 24 Jul 2023 08:38:47 GMT"}
{"level":"info","message":"Snooper version 1.20.0","service":"snooper","timestamp":"Mon, 24 Jul 2023 09:12:29 GMT"}
{"level":"info","message":"Snooper discovery completed","service":"snooper","timestamp":"Mon, 24 Jul 2023 09:12:29 GMT"}
{"level":"info","message":"Snooper version 1.20.0","service":"snooper","timestamp":"Mon, 24 Jul 2023 09:12:29 GMT"}
{"level":"info","message":"Discovering feature files","service":"snooper","timestamp":"Mon, 24 Jul 2023 09:12:29 GMT"}
{"level":"info","message":"framework java","service":"snooper","timestamp":"Mon, 24 Jul 2023 09:12:29 GMT"}
{"level":"info","message":"extracting fetures","service":"snooper","timestamp":"Mon, 24 Jul 2023 09:12:29 GMT"}
{"level":"info","message":"Extracting features from file src/test/java/features/SAAS_Functional_TCs_Web Automation_SRS_TestCases_202306210730591.feature","service":"snooper","timestamp":"Mon, 24 Jul 2023 09:12:29 GMT"}
{"level":"info","message":"Snooper discovery completed","service":"snooper","timestamp":"Mon, 24 Jul 2023 09:12:29 GMT"}
{"level":"info","message":"Snooper version 1.20.0","service":"snooper","timestamp":"Mon, 24 Jul 2023 09:56:08 GMT"}
{"level":"info","message":"Snooper discovery completed","service":"snooper","timestamp":"Mon, 24 Jul 2023 09:56:08 GMT"}
{"level":"info","message":"Snooper version 1.20.0","service":"snooper","timestamp":"Mon, 24 Jul 2023 09:56:08 GMT"}
{"level":"info","message":"Discovering feature files","service":"snooper","timestamp":"Mon, 24 Jul 2023 09:56:08 GMT"}
{"level":"info","message":"framework java","service":"snooper","timestamp":"Mon, 24 Jul 2023 09:56:08 GMT"}
{"level":"info","message":"extracting fetures","service":"snooper","timestamp":"Mon, 24 Jul 2023 09:56:08 GMT"}
{"level":"info","message":"Extracting features from file src/test/java/features/SAAS_Functional_TCs_Web Automation_SRS_TestCases_202306210730591.feature","service":"snooper","timestamp":"Mon, 24 Jul 2023 09:56:08 GMT"}
{"level":"info","message":"Snooper discovery completed","service":"snooper","timestamp":"Mon, 24 Jul 2023 09:56:08 GMT"}
{"level":"info","message":"Snooper version 1.20.0","service":"snooper","timestamp":"Mon, 24 Jul 2023 10:45:32 GMT"}
{"level":"info","message":"Snooper discovery completed","service":"snooper","timestamp":"Mon, 24 Jul 2023 10:45:32 GMT"}
{"level":"info","message":"Snooper version 1.20.0","service":"snooper","timestamp":"Mon, 24 Jul 2023 10:45:33 GMT"}
{"level":"info","message":"Discovering feature files","service":"snooper","timestamp":"Mon, 24 Jul 2023 10:45:33 GMT"}
{"level":"info","message":"framework java","service":"snooper","timestamp":"Mon, 24 Jul 2023 10:45:33 GMT"}
{"level":"info","message":"extracting fetures","service":"snooper","timestamp":"Mon, 24 Jul 2023 10:45:33 GMT"}
{"level":"info","message":"Extracting features from file src/test/java/features/SAAS_Functional_TCs_Web Automation_SRS_TestCases_202306210730591.feature","service":"snooper","timestamp":"Mon, 24 Jul 2023 10:45:33 GMT"}
{"level":"info","message":"Snooper discovery completed","service":"snooper","timestamp":"Mon, 24 Jul 2023 10:45:33 GMT"}
{"level":"info","message":"Snooper version 1.20.0","service":"snooper","timestamp":"Tue, 25 Jul 2023 05:42:20 GMT"}
{"level":"info","message":"Snooper discovery completed","service":"snooper","timestamp":"Tue, 25 Jul 2023 05:42:20 GMT"}
{"level":"info","message":"Snooper version 1.20.0","service":"snooper","timestamp":"Tue, 25 Jul 2023 05:42:21 GMT"}
{"level":"info","message":"Discovering feature files","service":"snooper","timestamp":"Tue, 25 Jul 2023 05:42:21 GMT"}
{"level":"info","message":"framework java","service":"snooper","timestamp":"Tue, 25 Jul 2023 05:42:21 GMT"}
{"level":"info","message":"extracting fetures","service":"snooper","timestamp":"Tue, 25 Jul 2023 05:42:21 GMT"}
{"level":"info","message":"Extracting features from file src/test/java/features/SAAS_Functional_TCs_Web Automation_SRS_TestCases_202306210730591.feature","service":"snooper","timestamp":"Tue, 25 Jul 2023 05:42:21 GMT"}
{"level":"info","message":"Snooper discovery completed","service":"snooper","timestamp":"Tue, 25 Jul 2023 05:42:21 GMT"}
{"level":"info","message":"Snooper version 1.20.0","service":"snooper","timestamp":"Tue, 25 Jul 2023 11:25:32 GMT"}
{"level":"info","message":"Snooper discovery completed","service":"snooper","timestamp":"Tue, 25 Jul 2023 11:25:32 GMT"}
{"level":"info","message":"Snooper version 1.20.0","service":"snooper","timestamp":"Tue, 25 Jul 2023 11:25:32 GMT"}
{"level":"info","message":"Discovering feature files","service":"snooper","timestamp":"Tue, 25 Jul 2023 11:25:32 GMT"}
{"level":"info","message":"framework java","service":"snooper","timestamp":"Tue, 25 Jul 2023 11:25:32 GMT"}
{"level":"info","message":"extracting fetures","service":"snooper","timestamp":"Tue, 25 Jul 2023 11:25:32 GMT"}
{"level":"info","message":"Extracting features from file src/test/java/features/SAAS_Functional_TCs_Web Automation_SRS_TestCases_202306210730591.feature","service":"snooper","timestamp":"Tue, 25 Jul 2023 11:25:32 GMT"}
{"level":"info","message":"Snooper discovery completed","service":"snooper","timestamp":"Tue, 25 Jul 2023 11:25:32 GMT"}
{"level":"info","message":"Snooper version 1.20.0","service":"snooper","timestamp":"Wed, 26 Jul 2023 05:20:58 GMT"}
{"level":"info","message":"Snooper discovery completed","service":"snooper","timestamp":"Wed, 26 Jul 2023 05:20:58 GMT"}
{"level":"info","message":"Snooper version 1.20.0","service":"snooper","timestamp":"Wed, 26 Jul 2023 05:20:58 GMT"}
{"level":"info","message":"Discovering feature files","service":"snooper","timestamp":"Wed, 26 Jul 2023 05:20:58 GMT"}
{"level":"info","message":"framework java","service":"snooper","timestamp":"Wed, 26 Jul 2023 05:20:58 GMT"}
{"level":"info","message":"extracting fetures","service":"snooper","timestamp":"Wed, 26 Jul 2023 05:20:58 GMT"}
{"level":"info","message":"Extracting features from file src/test/java/features/SAAS_Functional_TCs_Web Automation_SRS_TestCases_202306210730591.feature","service":"snooper","timestamp":"Wed, 26 Jul 2023 05:20:58 GMT"}
{"level":"info","message":"Snooper discovery completed","service":"snooper","timestamp":"Wed, 26 Jul 2023 05:20:58 GMT"}
{"level":"info","message":"Snooper version 1.20.0","service":"snooper","timestamp":"Wed, 26 Jul 2023 07:18:49 GMT"}
{"level":"info","message":"Snooper discovery completed","service":"snooper","timestamp":"Wed, 26 Jul 2023 07:18:49 GMT"}
{"level":"info","message":"Snooper version 1.20.0","service":"snooper","timestamp":"Wed, 26 Jul 2023 07:18:49 GMT"}
{"level":"info","message":"Discovering feature files","service":"snooper","timestamp":"Wed, 26 Jul 2023 07:18:49 GMT"}
{"level":"info","message":"framework java","service":"snooper","timestamp":"Wed, 26 Jul 2023 07:18:49 GMT"}
{"level":"info","message":"extracting fetures","service":"snooper","timestamp":"Wed, 26 Jul 2023 07:18:49 GMT"}
{"level":"info","message":"Extracting features from file src/test/java/features/SAAS_Functional_TCs_Web Automation_SRS_TestCases_202306210730591.feature","service":"snooper","timestamp":"Wed, 26 Jul 2023 07:18:49 GMT"}
{"level":"info","message":"Snooper discovery completed","service":"snooper","timestamp":"Wed, 26 Jul 2023 07:18:49 GMT"}
{"level":"info","message":"Snooper version 1.20.0","service":"snooper","timestamp":"Wed, 26 Jul 2023 08:13:07 GMT"}
{"level":"info","message":"Snooper discovery completed","service":"snooper","timestamp":"Wed, 26 Jul 2023 08:13:07 GMT"}
{"level":"info","message":"Snooper version 1.20.0","service":"snooper","timestamp":"Wed, 26 Jul 2023 08:13:07 GMT"}
{"level":"info","message":"Discovering feature files","service":"snooper","timestamp":"Wed, 26 Jul 2023 08:13:07 GMT"}
{"level":"info","message":"framework java","service":"snooper","timestamp":"Wed, 26 Jul 2023 08:13:07 GMT"}
{"level":"info","message":"extracting fetures","service":"snooper","timestamp":"Wed, 26 Jul 2023 08:13:07 GMT"}
{"level":"info","message":"Extracting features from file src/test/java/features/SAAS_Functional_TCs_Web Automation_SRS_TestCases_202306210730591.feature","service":"snooper","timestamp":"Wed, 26 Jul 2023 08:13:07 GMT"}
{"level":"info","message":"Snooper discovery completed","service":"snooper","timestamp":"Wed, 26 Jul 2023 08:13:07 GMT"}
{"level":"info","message":"Snooper version 1.20.0","service":"snooper","timestamp":"Wed, 26 Jul 2023 09:56:33 GMT"}
{"level":"info","message":"Snooper discovery completed","service":"snooper","timestamp":"Wed, 26 Jul 2023 09:56:33 GMT"}
{"level":"info","message":"Snooper version 1.20.0","service":"snooper","timestamp":"Wed, 26 Jul 2023 09:56:33 GMT"}
{"level":"info","message":"Discovering feature files","service":"snooper","timestamp":"Wed, 26 Jul 2023 09:56:33 GMT"}
{"level":"info","message":"framework java","service":"snooper","timestamp":"Wed, 26 Jul 2023 09:56:33 GMT"}
{"level":"info","message":"extracting fetures","service":"snooper","timestamp":"Wed, 26 Jul 2023 09:56:33 GMT"}
{"level":"info","message":"Extracting features from file src/test/java/features/SAAS_Functional_TCs_Web Automation_SRS_TestCases_202306210730591.feature","service":"snooper","timestamp":"Wed, 26 Jul 2023 09:56:33 GMT"}
{"level":"info","message":"Snooper discovery completed","service":"snooper","timestamp":"Wed, 26 Jul 2023 09:56:33 GMT"}
{"level":"info","message":"Snooper version 1.20.0","service":"snooper","timestamp":"Wed, 26 Jul 2023 10:07:37 GMT"}
{"level":"info","message":"Snooper discovery completed","service":"snooper","timestamp":"Wed, 26 Jul 2023 10:07:37 GMT"}
{"level":"info","message":"Snooper version 1.20.0","service":"snooper","timestamp":"Wed, 26 Jul 2023 10:07:37 GMT"}
{"level":"info","message":"Discovering feature files","service":"snooper","timestamp":"Wed, 26 Jul 2023 10:07:37 GMT"}
{"level":"info","message":"framework java","service":"snooper","timestamp":"Wed, 26 Jul 2023 10:07:37 GMT"}
{"level":"info","message":"extracting fetures","service":"snooper","timestamp":"Wed, 26 Jul 2023 10:07:37 GMT"}
{"level":"info","message":"Extracting features from file src/test/java/features/SAAS_Functional_TCs_Web Automation_SRS_TestCases_202306210730591.feature","service":"snooper","timestamp":"Wed, 26 Jul 2023 10:07:37 GMT"}
{"level":"info","message":"Snooper discovery completed","service":"snooper","timestamp":"Wed, 26 Jul 2023 10:07:37 GMT"}
{"level":"info","message":"Snooper version 1.20.0","service":"snooper","timestamp":"Tue, 01 Aug 2023 08:45:11 GMT"}
{"level":"info","message":"Snooper discovery completed","service":"snooper","timestamp":"Tue, 01 Aug 2023 08:45:11 GMT"}
{"level":"info","message":"Snooper version 1.20.0","service":"snooper","timestamp":"Tue, 01 Aug 2023 08:45:12 GMT"}
{"level":"info","message":"Discovering feature files","service":"snooper","timestamp":"Tue, 01 Aug 2023 08:45:12 GMT"}
{"level":"info","message":"framework java","service":"snooper","timestamp":"Tue, 01 Aug 2023 08:45:12 GMT"}
{"level":"info","message":"extracting fetures","service":"snooper","timestamp":"Tue, 01 Aug 2023 08:45:12 GMT"}
{"level":"info","message":"Extracting features from file src/test/java/features/SAAS_Functional_TCs_Web Automation_SRS_TestCases_202306210730591.feature","service":"snooper","timestamp":"Tue, 01 Aug 2023 08:45:12 GMT"}
{"level":"info","message":"Snooper discovery completed","service":"snooper","timestamp":"Tue, 01 Aug 2023 08:45:12 GMT"}
{"level":"info","message":"Snooper version 1.20.0","service":"snooper","timestamp":"Tue, 01 Aug 2023 08:57:04 GMT"}
{"level":"info","message":"Snooper discovery completed","service":"snooper","timestamp":"Tue, 01 Aug 2023 08:57:04 GMT"}
{"level":"info","message":"Snooper version 1.20.0","service":"snooper","timestamp":"Tue, 01 Aug 2023 08:57:04 GMT"}
{"level":"info","message":"Discovering feature files","service":"snooper","timestamp":"Tue, 01 Aug 2023 08:57:04 GMT"}
{"level":"info","message":"framework java","service":"snooper","timestamp":"Tue, 01 Aug 2023 08:57:04 GMT"}
{"level":"info","message":"extracting fetures","service":"snooper","timestamp":"Tue, 01 Aug 2023 08:57:04 GMT"}
{"level":"info","message":"Extracting features from file src/test/java/features/SAAS_Functional_TCs_Web Automation_SRS_TestCases_202306210730591.feature","service":"snooper","timestamp":"Tue, 01 Aug 2023 08:57:04 GMT"}
{"level":"info","message":"Snooper discovery completed","service":"snooper","timestamp":"Tue, 01 Aug 2023 08:57:04 GMT"}
{"level":"info","message":"Snooper version 1.20.0","service":"snooper","timestamp":"Mon, 07 Aug 2023 04:34:09 GMT"}
{"level":"info","message":"Snooper discovery completed","service":"snooper","timestamp":"Mon, 07 Aug 2023 04:34:09 GMT"}
{"level":"info","message":"Snooper version 1.20.0","service":"snooper","timestamp":"Mon, 07 Aug 2023 04:34:10 GMT"}
{"level":"info","message":"Discovering feature files","service":"snooper","timestamp":"Mon, 07 Aug 2023 04:34:10 GMT"}
{"level":"info","message":"framework java","service":"snooper","timestamp":"Mon, 07 Aug 2023 04:34:10 GMT"}
{"level":"info","message":"extracting fetures","service":"snooper","timestamp":"Mon, 07 Aug 2023 04:34:10 GMT"}
{"level":"info","message":"Extracting features from file src/test/java/features/SAAS_Functional_TCs_Web Automation_SRS_TestCases_202306210730591.feature","service":"snooper","timestamp":"Mon, 07 Aug 2023 04:34:10 GMT"}
{"level":"info","message":"Snooper discovery completed","service":"snooper","timestamp":"Mon, 07 Aug 2023 04:34:10 GMT"}
{"level":"info","message":"Snooper version 1.20.0","service":"snooper","timestamp":"Mon, 07 Aug 2023 04:36:01 GMT"}
{"level":"info","message":"Snooper discovery completed","service":"snooper","timestamp":"Mon, 07 Aug 2023 04:36:01 GMT"}
{"level":"info","message":"Snooper version 1.20.0","service":"snooper","timestamp":"Mon, 07 Aug 2023 04:36:01 GMT"}
{"level":"info","message":"Discovering feature files","service":"snooper","timestamp":"Mon, 07 Aug 2023 04:36:01 GMT"}
{"level":"info","message":"framework java","service":"snooper","timestamp":"Mon, 07 Aug 2023 04:36:01 GMT"}
{"level":"info","message":"extracting fetures","service":"snooper","timestamp":"Mon, 07 Aug 2023 04:36:01 GMT"}
{"level":"info","message":"Extracting features from file src/test/java/features/SAAS_Functional_TCs_Web Automation_SRS_TestCases_202306210730591.feature","service":"snooper","timestamp":"Mon, 07 Aug 2023 04:36:01 GMT"}
{"level":"info","message":"Snooper discovery completed","service":"snooper","timestamp":"Mon, 07 Aug 2023 04:36:01 GMT"}
{"level":"info","message":"Snooper version 1.20.0","service":"snooper","timestamp":"Thu, 17 Aug 2023 09:56:16 GMT"}
{"level":"info","message":"Snooper discovery completed","service":"snooper","timestamp":"Thu, 17 Aug 2023 09:56:16 GMT"}
{"level":"info","message":"Snooper version 1.20.0","service":"snooper","timestamp":"Thu, 17 Aug 2023 09:56:17 GMT"}
{"level":"info","message":"Discovering feature files","service":"snooper","timestamp":"Thu, 17 Aug 2023 09:56:17 GMT"}
{"level":"info","message":"framework java","service":"snooper","timestamp":"Thu, 17 Aug 2023 09:56:17 GMT"}
{"level":"info","message":"extracting fetures","service":"snooper","timestamp":"Thu, 17 Aug 2023 09:56:17 GMT"}
{"level":"info","message":"Extracting features from file src/test/java/features/SAAS_Functional_TCs_Web Automation_SRS_TestCases_202306210730591.feature","service":"snooper","timestamp":"Thu, 17 Aug 2023 09:56:17 GMT"}
{"level":"info","message":"Snooper discovery completed","service":"snooper","timestamp":"Thu, 17 Aug 2023 09:56:17 GMT"}
{"level":"info","message":"Snooper version 1.20.0","service":"snooper","timestamp":"Fri, 18 Aug 2023 06:43:18 GMT"}
{"level":"info","message":"Snooper discovery completed","service":"snooper","timestamp":"Fri, 18 Aug 2023 06:43:18 GMT"}
{"level":"info","message":"Snooper version 1.20.0","service":"snooper","timestamp":"Fri, 18 Aug 2023 06:43:18 GMT"}
{"level":"info","message":"Discovering feature files","service":"snooper","timestamp":"Fri, 18 Aug 2023 06:43:18 GMT"}
{"level":"info","message":"framework java","service":"snooper","timestamp":"Fri, 18 Aug 2023 06:43:18 GMT"}
{"level":"info","message":"extracting fetures","service":"snooper","timestamp":"Fri, 18 Aug 2023 06:43:18 GMT"}
{"level":"info","message":"Extracting features from file src/test/java/features/SAAS_Functional_TCs_Web Automation_SRS_TestCases_202306210730591.feature","service":"snooper","timestamp":"Fri, 18 Aug 2023 06:43:18 GMT"}
{"level":"info","message":"Snooper discovery completed","service":"snooper","timestamp":"Fri, 18 Aug 2023 06:43:18 GMT"}
{"level":"info","message":"Snooper version 1.20.0","service":"snooper","timestamp":"Fri, 18 Aug 2023 07:35:27 GMT"}
{"level":"info","message":"Snooper discovery completed","service":"snooper","timestamp":"Fri, 18 Aug 2023 07:35:27 GMT"}
{"level":"info","message":"Snooper version 1.20.0","service":"snooper","timestamp":"Fri, 18 Aug 2023 07:35:27 GMT"}
{"level":"info","message":"Discovering feature files","service":"snooper","timestamp":"Fri, 18 Aug 2023 07:35:27 GMT"}
{"level":"info","message":"framework java","service":"snooper","timestamp":"Fri, 18 Aug 2023 07:35:27 GMT"}
{"level":"info","message":"extracting fetures","service":"snooper","timestamp":"Fri, 18 Aug 2023 07:35:27 GMT"}
{"level":"info","message":"Extracting features from file src/test/java/features/SAAS_Functional_TCs_Web Automation_SRS_TestCases_202306210730591.feature","service":"snooper","timestamp":"Fri, 18 Aug 2023 07:35:27 GMT"}
{"level":"info","message":"Snooper discovery completed","service":"snooper","timestamp":"Fri, 18 Aug 2023 07:35:27 GMT"}
{"level":"info","message":"Snooper version 1.20.0","service":"snooper","timestamp":"Fri, 18 Aug 2023 08:17:19 GMT"}
{"level":"info","message":"Snooper discovery completed","service":"snooper","timestamp":"Fri, 18 Aug 2023 08:17:19 GMT"}
{"level":"info","message":"Snooper version 1.20.0","service":"snooper","timestamp":"Fri, 18 Aug 2023 08:17:19 GMT"}
{"level":"info","message":"Discovering feature files","service":"snooper","timestamp":"Fri, 18 Aug 2023 08:17:19 GMT"}
{"level":"info","message":"framework java","service":"snooper","timestamp":"Fri, 18 Aug 2023 08:17:19 GMT"}
{"level":"info","message":"extracting fetures","service":"snooper","timestamp":"Fri, 18 Aug 2023 08:17:19 GMT"}
{"level":"info","message":"Extracting features from file src/test/java/features/SAAS_Functional_TCs_Web Automation_SRS_TestCases_202306210730591.feature","service":"snooper","timestamp":"Fri, 18 Aug 2023 08:17:19 GMT"}
{"level":"info","message":"Snooper discovery completed","service":"snooper","timestamp":"Fri, 18 Aug 2023 08:17:19 GMT"}
